Start with 0.0 points.
=================================
5X5, 6X6, first column tests pass
Passed HW4-tests/five-six-first-input.txt
Score is now 3.0
=============================================
8X8, first column tests pass
Passed HW4-tests/eight-first-input.txt
Score is now 5.0
=============================================
6X6, 8X8, single queen tests pass
Passed HW4-tests/six-eight-single-input.txt
Score is now 6.0
=============================================
10X10, single queen tests pass
Passed HW4-tests/ten-single-input.txt
Score is now 7.0
=============================================
Timeout error in running java -jar NQueens.jar /home/vibin/Desktop/sesh/sesh/RoboGrader/Rubric/HW4-tests/six-eight-many-input.txt my_output.txt: Took more than 60 seconds
Final score
7