Checker has failed. Below is the log of the checker
=============================================
gcc -c -std=c99 -Wall queue.c queueClient.c
gcc -o queueClient queue.o queueClient.o
File queue.c found
File queue.h found
File queueClient.c found
File README found
File Makefile found
File test-input.txt found
File test-output.txt found
======================================
All files are present in folder. Good!
======================================
Deleting queueClient
make: ran successfully
queueClient was created
======================================
All executables created correctly. Better!
======================================
Error in output generation. The output file, out.txt, generated by your program has 0 lines
The correct output file has 20 lines
The following line should be present at line 0 of your output. But it is not.
enqueued 45


FAIL
==================================================
Final score:
0
==================================================
Grader Edit:
Tested this on the unix timeshare, works perfectly.
==================================================
Final score:
10
